Copyright 1986-2020 Xilinx, Inc. All Rights Reserved.
------------------------------------------------------------------------------------
| Tool Version : Vivado v.2020.2 (win64) Build 3064766 Wed Nov 18 09:12:45 MST 2020
| Date         : Tue Apr 23 11:09:55 2024
| Host         : LAPTOP-KMHA882Q running 64-bit major release  (build 9200)
| Command      : upgrade_ip
| Device       : xc7z010clg400-1
------------------------------------------------------------------------------------

Upgrade Log for IP 'design_1_ip_pwm_2020p2_0_4'

1. Summary
----------

SUCCESS in the upgrade of design_1_ip_pwm_2020p2_0_4 (user.org:user:ip_pwm_2020p2:1.0) from (Rev. 7) to (Rev. 9)






Copyright 1986-2020 Xilinx, Inc. All Rights Reserved.
------------------------------------------------------------------------------------
| Tool Version : Vivado v.2020.2 (win64) Build 3064766 Wed Nov 18 09:12:45 MST 2020
| Date         : Tue Apr 23 11:09:55 2024
| Host         : LAPTOP-KMHA882Q running 64-bit major release  (build 9200)
| Command      : upgrade_ip
| Device       : xc7z010clg400-1
------------------------------------------------------------------------------------

Upgrade Log for IP 'design_1_ip_pwm_2020p2_0_3'

1. Summary
----------

SUCCESS in the upgrade of design_1_ip_pwm_2020p2_0_3 (user.org:user:ip_pwm_2020p2:1.0) from (Rev. 7) to (Rev. 9)






Copyright 1986-2020 Xilinx, Inc. All Rights Reserved.
------------------------------------------------------------------------------------
| Tool Version : Vivado v.2020.2 (win64) Build 3064766 Wed Nov 18 09:12:45 MST 2020
| Date         : Tue Apr 23 11:09:55 2024
| Host         : LAPTOP-KMHA882Q running 64-bit major release  (build 9200)
| Command      : upgrade_ip
| Device       : xc7z010clg400-1
------------------------------------------------------------------------------------

Upgrade Log for IP 'design_1_ip_pwm_2020p2_0_2'

1. Summary
----------

SUCCESS in the upgrade of design_1_ip_pwm_2020p2_0_2 (user.org:user:ip_pwm_2020p2:1.0) from (Rev. 7) to (Rev. 9)






Copyright 1986-2020 Xilinx, Inc. All Rights Reserved.
------------------------------------------------------------------------------------
| Tool Version : Vivado v.2020.2 (win64) Build 3064766 Wed Nov 18 09:12:45 MST 2020
| Date         : Tue Apr 23 11:09:55 2024
| Host         : LAPTOP-KMHA882Q running 64-bit major release  (build 9200)
| Command      : upgrade_ip
| Device       : xc7z010clg400-1
------------------------------------------------------------------------------------

Upgrade Log for IP 'design_1_ip_pwm_2020p2_0_1'

1. Summary
----------

SUCCESS in the upgrade of design_1_ip_pwm_2020p2_0_1 (user.org:user:ip_pwm_2020p2:1.0) from (Rev. 7) to (Rev. 9)






Copyright 1986-2020 Xilinx, Inc. All Rights Reserved.
------------------------------------------------------------------------------------
| Tool Version : Vivado v.2020.2 (win64) Build 3064766 Wed Nov 18 09:12:45 MST 2020
| Date         : Tue Apr 23 11:09:55 2024
| Host         : LAPTOP-KMHA882Q running 64-bit major release  (build 9200)
| Command      : upgrade_ip
| Device       : xc7z010clg400-1
------------------------------------------------------------------------------------

Upgrade Log for IP 'design_1_ip_pwm_2020p2_0_0'

1. Summary
----------

SUCCESS in the upgrade of design_1_ip_pwm_2020p2_0_0 (user.org:user:ip_pwm_2020p2:1.0) from (Rev. 7) to (Rev. 9)






Copyright 1986-2020 Xilinx, Inc. All Rights Reserved.
------------------------------------------------------------------------------------
| Tool Version : Vivado v.2020.2 (win64) Build 3064766 Wed Nov 18 09:12:45 MST 2020
| Date         : Sun Apr 21 14:33:29 2024
| Host         : LAPTOP-KMHA882Q running 64-bit major release  (build 9200)
| Command      : upgrade_ip
| Device       : xc7z010clg400-1
------------------------------------------------------------------------------------

Upgrade Log for IP 'design_1_ip_imu_2020p2_0_1'

1. Summary
----------

SUCCESS in the upgrade of design_1_ip_imu_2020p2_0_1 (xilinx.com:user:ip_imu_2020p2:1.0) from (Rev. 3) to (Rev. 4)






Copyright 1986-2020 Xilinx, Inc. All Rights Reserved.
------------------------------------------------------------------------------------
| Tool Version : Vivado v.2020.2 (win64) Build 3064766 Wed Nov 18 09:12:45 MST 2020
| Date         : Sun Apr 21 13:28:28 2024
| Host         : LAPTOP-KMHA882Q running 64-bit major release  (build 9200)
| Command      : upgrade_ip
| Device       : xc7z010clg400-1
------------------------------------------------------------------------------------

Upgrade Log for IP 'design_1_ip_imu_2020p2_0_1'

1. Summary
----------

SUCCESS in the upgrade of design_1_ip_imu_2020p2_0_1 (xilinx.com:user:ip_imu_2020p2:1.0) from (Rev. 2) to (Rev. 3)






Copyright 1986-2020 Xilinx, Inc. All Rights Reserved.
------------------------------------------------------------------------------------
| Tool Version : Vivado v.2020.2 (win64) Build 3064766 Wed Nov 18 09:12:45 MST 2020
| Date         : Thu Apr 18 13:34:42 2024
| Host         : LAPTOP-KMHA882Q running 64-bit major release  (build 9200)
| Command      : upgrade_ip
| Device       : xc7z010clg400-1
------------------------------------------------------------------------------------

Upgrade Log for IP 'design_1_ip_pwm_2020p2_0_4'

1. Summary
----------

SUCCESS in the upgrade of design_1_ip_pwm_2020p2_0_4 (user.org:user:ip_pwm_2020p2:1.0) from (Rev. 6) to (Rev. 7)






Copyright 1986-2020 Xilinx, Inc. All Rights Reserved.
------------------------------------------------------------------------------------
| Tool Version : Vivado v.2020.2 (win64) Build 3064766 Wed Nov 18 09:12:45 MST 2020
| Date         : Thu Apr 18 13:34:42 2024
| Host         : LAPTOP-KMHA882Q running 64-bit major release  (build 9200)
| Command      : upgrade_ip
| Device       : xc7z010clg400-1
------------------------------------------------------------------------------------

Upgrade Log for IP 'design_1_ip_pwm_2020p2_0_3'

1. Summary
----------

SUCCESS in the upgrade of design_1_ip_pwm_2020p2_0_3 (user.org:user:ip_pwm_2020p2:1.0) from (Rev. 6) to (Rev. 7)






Copyright 1986-2020 Xilinx, Inc. All Rights Reserved.
------------------------------------------------------------------------------------
| Tool Version : Vivado v.2020.2 (win64) Build 3064766 Wed Nov 18 09:12:45 MST 2020
| Date         : Thu Apr 18 13:34:42 2024
| Host         : LAPTOP-KMHA882Q running 64-bit major release  (build 9200)
| Command      : upgrade_ip
| Device       : xc7z010clg400-1
------------------------------------------------------------------------------------

Upgrade Log for IP 'design_1_ip_pwm_2020p2_0_2'

1. Summary
----------

SUCCESS in the upgrade of design_1_ip_pwm_2020p2_0_2 (user.org:user:ip_pwm_2020p2:1.0) from (Rev. 6) to (Rev. 7)






Copyright 1986-2020 Xilinx, Inc. All Rights Reserved.
------------------------------------------------------------------------------------
| Tool Version : Vivado v.2020.2 (win64) Build 3064766 Wed Nov 18 09:12:45 MST 2020
| Date         : Thu Apr 18 13:34:42 2024
| Host         : LAPTOP-KMHA882Q running 64-bit major release  (build 9200)
| Command      : upgrade_ip
| Device       : xc7z010clg400-1
------------------------------------------------------------------------------------

Upgrade Log for IP 'design_1_ip_pwm_2020p2_0_1'

1. Summary
----------

SUCCESS in the upgrade of design_1_ip_pwm_2020p2_0_1 (user.org:user:ip_pwm_2020p2:1.0) from (Rev. 6) to (Rev. 7)






Copyright 1986-2020 Xilinx, Inc. All Rights Reserved.
------------------------------------------------------------------------------------
| Tool Version : Vivado v.2020.2 (win64) Build 3064766 Wed Nov 18 09:12:45 MST 2020
| Date         : Thu Apr 18 13:34:42 2024
| Host         : LAPTOP-KMHA882Q running 64-bit major release  (build 9200)
| Command      : upgrade_ip
| Device       : xc7z010clg400-1
------------------------------------------------------------------------------------

Upgrade Log for IP 'design_1_ip_pwm_2020p2_0_0'

1. Summary
----------

SUCCESS in the upgrade of design_1_ip_pwm_2020p2_0_0 (user.org:user:ip_pwm_2020p2:1.0) from (Rev. 6) to (Rev. 7)






Copyright 1986-2020 Xilinx, Inc. All Rights Reserved.
------------------------------------------------------------------------------------
| Tool Version : Vivado v.2020.2 (win64) Build 3064766 Wed Nov 18 09:12:45 MST 2020
| Date         : Thu Apr 18 11:58:39 2024
| Host         : LAPTOP-KMHA882Q running 64-bit major release  (build 9200)
| Command      : upgrade_ip
| Device       : xc7z010clg400-1
------------------------------------------------------------------------------------

Upgrade Log for IP 'design_1_ip_pwm_2020p2_0_4'

1. Summary
----------

CAUTION (success, with warnings) in the upgrade of design_1_ip_pwm_2020p2_0_4 (user.org:user:ip_pwm_2020p2:1.0) from (Rev. 5) to (Rev. 6)

After upgrade, an IP may have parameter and port differences compared to the original customization. Please review the parameters within the IP customization GUI to ensure proper functionality. Also, please review the updated IP instantiation template to ensure proper connectivity, and update your design if required.

2. Connection Warnings
----------------------

Detected external port differences while upgrading 'design_1_ip_pwm_2020p2_0_4'. These changes may impact your design.


-Upgrade has added port 'updateIn'







Copyright 1986-2020 Xilinx, Inc. All Rights Reserved.
------------------------------------------------------------------------------------
| Tool Version : Vivado v.2020.2 (win64) Build 3064766 Wed Nov 18 09:12:45 MST 2020
| Date         : Thu Apr 18 11:58:39 2024
| Host         : LAPTOP-KMHA882Q running 64-bit major release  (build 9200)
| Command      : upgrade_ip
| Device       : xc7z010clg400-1
------------------------------------------------------------------------------------

Upgrade Log for IP 'design_1_ip_pwm_2020p2_0_3'

1. Summary
----------

CAUTION (success, with warnings) in the upgrade of design_1_ip_pwm_2020p2_0_3 (user.org:user:ip_pwm_2020p2:1.0) from (Rev. 5) to (Rev. 6)

After upgrade, an IP may have parameter and port differences compared to the original customization. Please review the parameters within the IP customization GUI to ensure proper functionality. Also, please review the updated IP instantiation template to ensure proper connectivity, and update your design if required.

2. Connection Warnings
----------------------

Detected external port differences while upgrading 'design_1_ip_pwm_2020p2_0_3'. These changes may impact your design.


-Upgrade has added port 'updateIn'







Copyright 1986-2020 Xilinx, Inc. All Rights Reserved.
------------------------------------------------------------------------------------
| Tool Version : Vivado v.2020.2 (win64) Build 3064766 Wed Nov 18 09:12:45 MST 2020
| Date         : Thu Apr 18 11:58:39 2024
| Host         : LAPTOP-KMHA882Q running 64-bit major release  (build 9200)
| Command      : upgrade_ip
| Device       : xc7z010clg400-1
------------------------------------------------------------------------------------

Upgrade Log for IP 'design_1_ip_pwm_2020p2_0_2'

1. Summary
----------

CAUTION (success, with warnings) in the upgrade of design_1_ip_pwm_2020p2_0_2 (user.org:user:ip_pwm_2020p2:1.0) from (Rev. 5) to (Rev. 6)

After upgrade, an IP may have parameter and port differences compared to the original customization. Please review the parameters within the IP customization GUI to ensure proper functionality. Also, please review the updated IP instantiation template to ensure proper connectivity, and update your design if required.

2. Connection Warnings
----------------------

Detected external port differences while upgrading 'design_1_ip_pwm_2020p2_0_2'. These changes may impact your design.


-Upgrade has added port 'updateIn'







Copyright 1986-2020 Xilinx, Inc. All Rights Reserved.
------------------------------------------------------------------------------------
| Tool Version : Vivado v.2020.2 (win64) Build 3064766 Wed Nov 18 09:12:45 MST 2020
| Date         : Thu Apr 18 11:58:39 2024
| Host         : LAPTOP-KMHA882Q running 64-bit major release  (build 9200)
| Command      : upgrade_ip
| Device       : xc7z010clg400-1
------------------------------------------------------------------------------------

Upgrade Log for IP 'design_1_ip_pwm_2020p2_0_1'

1. Summary
----------

CAUTION (success, with warnings) in the upgrade of design_1_ip_pwm_2020p2_0_1 (user.org:user:ip_pwm_2020p2:1.0) from (Rev. 5) to (Rev. 6)

After upgrade, an IP may have parameter and port differences compared to the original customization. Please review the parameters within the IP customization GUI to ensure proper functionality. Also, please review the updated IP instantiation template to ensure proper connectivity, and update your design if required.

2. Connection Warnings
----------------------

Detected external port differences while upgrading 'design_1_ip_pwm_2020p2_0_1'. These changes may impact your design.


-Upgrade has added port 'updateIn'







Copyright 1986-2020 Xilinx, Inc. All Rights Reserved.
------------------------------------------------------------------------------------
| Tool Version : Vivado v.2020.2 (win64) Build 3064766 Wed Nov 18 09:12:45 MST 2020
| Date         : Thu Apr 18 11:58:39 2024
| Host         : LAPTOP-KMHA882Q running 64-bit major release  (build 9200)
| Command      : upgrade_ip
| Device       : xc7z010clg400-1
------------------------------------------------------------------------------------

Upgrade Log for IP 'design_1_ip_pwm_2020p2_0_0'

1. Summary
----------

CAUTION (success, with warnings) in the upgrade of design_1_ip_pwm_2020p2_0_0 (user.org:user:ip_pwm_2020p2:1.0) from (Rev. 5) to (Rev. 6)

After upgrade, an IP may have parameter and port differences compared to the original customization. Please review the parameters within the IP customization GUI to ensure proper functionality. Also, please review the updated IP instantiation template to ensure proper connectivity, and update your design if required.

2. Connection Warnings
----------------------

Detected external port differences while upgrading 'design_1_ip_pwm_2020p2_0_0'. These changes may impact your design.


-Upgrade has added port 'updateIn'







Copyright 1986-2020 Xilinx, Inc. All Rights Reserved.
------------------------------------------------------------------------------------
| Tool Version : Vivado v.2020.2 (win64) Build 3064766 Wed Nov 18 09:12:45 MST 2020
| Date         : Mon Apr  8 10:49:42 2024
| Host         : LAPTOP-KMHA882Q running 64-bit major release  (build 9200)
| Command      : upgrade_ip
| Device       : xc7z010clg400-1
------------------------------------------------------------------------------------

Upgrade Log for IP 'design_1_ip_pwmr_2_0'

1. Summary
----------

SUCCESS in the conversion of design_1_ip_pwmr_2_0 (xilinx.com:user:ip_pwmr:1.0 (Rev. 4)) to Vivado generation flows.






Copyright 1986-2020 Xilinx, Inc. All Rights Reserved.
------------------------------------------------------------------------------------
| Tool Version : Vivado v.2020.2 (win64) Build 3064766 Wed Nov 18 09:12:45 MST 2020
| Date         : Mon Apr  8 10:49:42 2024
| Host         : LAPTOP-KMHA882Q running 64-bit major release  (build 9200)
| Command      : upgrade_ip
| Device       : xc7z010clg400-1
------------------------------------------------------------------------------------

Upgrade Log for IP 'design_1_ip_pwmr_0_2'

1. Summary
----------

SUCCESS in the conversion of design_1_ip_pwmr_0_2 (xilinx.com:user:ip_pwmr:1.0 (Rev. 4)) to Vivado generation flows.






Copyright 1986-2020 Xilinx, Inc. All Rights Reserved.
------------------------------------------------------------------------------------
| Tool Version : Vivado v.2020.2 (win64) Build 3064766 Wed Nov 18 09:12:45 MST 2020
| Date         : Mon Apr  8 10:49:42 2024
| Host         : LAPTOP-KMHA882Q running 64-bit major release  (build 9200)
| Command      : upgrade_ip
| Device       : xc7z010clg400-1
------------------------------------------------------------------------------------

Upgrade Log for IP 'design_1_ip_pwmr_0_1'

1. Summary
----------

SUCCESS in the conversion of design_1_ip_pwmr_0_1 (xilinx.com:user:ip_pwmr:1.0 (Rev. 4)) to Vivado generation flows.






Copyright 1986-2020 Xilinx, Inc. All Rights Reserved.
------------------------------------------------------------------------------------
| Tool Version : Vivado v.2020.2 (win64) Build 3064766 Wed Nov 18 09:12:45 MST 2020
| Date         : Mon Apr  8 10:49:42 2024
| Host         : LAPTOP-KMHA882Q running 64-bit major release  (build 9200)
| Command      : upgrade_ip
| Device       : xc7z010clg400-1
------------------------------------------------------------------------------------

Upgrade Log for IP 'design_1_ip_pwmr_0_0'

1. Summary
----------

SUCCESS in the conversion of design_1_ip_pwmr_0_0 (xilinx.com:user:ip_pwmr:1.0 (Rev. 4)) to Vivado generation flows.






Copyright 1986-2020 Xilinx, Inc. All Rights Reserved.
------------------------------------------------------------------------------------
| Tool Version : Vivado v.2020.2 (win64) Build 3064766 Wed Nov 18 09:12:45 MST 2020
| Date         : Mon Apr  8 10:49:42 2024
| Host         : LAPTOP-KMHA882Q running 64-bit major release  (build 9200)
| Command      : upgrade_ip
| Device       : xc7z010clg400-1
------------------------------------------------------------------------------------

Upgrade Log for IP 'design_1_ip_pwm_2020p2_0_4'

1. Summary
----------

SUCCESS in the conversion of design_1_ip_pwm_2020p2_0_4 (user.org:user:ip_pwm_2020p2:1.0 (Rev. 5)) to Vivado generation flows.






Copyright 1986-2020 Xilinx, Inc. All Rights Reserved.
------------------------------------------------------------------------------------
| Tool Version : Vivado v.2020.2 (win64) Build 3064766 Wed Nov 18 09:12:45 MST 2020
| Date         : Mon Apr  8 10:49:42 2024
| Host         : LAPTOP-KMHA882Q running 64-bit major release  (build 9200)
| Command      : upgrade_ip
| Device       : xc7z010clg400-1
------------------------------------------------------------------------------------

Upgrade Log for IP 'design_1_ip_pwm_2020p2_0_3'

1. Summary
----------

SUCCESS in the conversion of design_1_ip_pwm_2020p2_0_3 (user.org:user:ip_pwm_2020p2:1.0 (Rev. 5)) to Vivado generation flows.






Copyright 1986-2020 Xilinx, Inc. All Rights Reserved.
------------------------------------------------------------------------------------
| Tool Version : Vivado v.2020.2 (win64) Build 3064766 Wed Nov 18 09:12:45 MST 2020
| Date         : Mon Apr  8 10:49:42 2024
| Host         : LAPTOP-KMHA882Q running 64-bit major release  (build 9200)
| Command      : upgrade_ip
| Device       : xc7z010clg400-1
------------------------------------------------------------------------------------

Upgrade Log for IP 'design_1_ip_pwm_2020p2_0_2'

1. Summary
----------

SUCCESS in the conversion of design_1_ip_pwm_2020p2_0_2 (user.org:user:ip_pwm_2020p2:1.0 (Rev. 5)) to Vivado generation flows.






Copyright 1986-2020 Xilinx, Inc. All Rights Reserved.
------------------------------------------------------------------------------------
| Tool Version : Vivado v.2020.2 (win64) Build 3064766 Wed Nov 18 09:12:45 MST 2020
| Date         : Mon Apr  8 10:49:42 2024
| Host         : LAPTOP-KMHA882Q running 64-bit major release  (build 9200)
| Command      : upgrade_ip
| Device       : xc7z010clg400-1
------------------------------------------------------------------------------------

Upgrade Log for IP 'design_1_ip_pwm_2020p2_0_1'

1. Summary
----------

SUCCESS in the conversion of design_1_ip_pwm_2020p2_0_1 (user.org:user:ip_pwm_2020p2:1.0 (Rev. 5)) to Vivado generation flows.






Copyright 1986-2020 Xilinx, Inc. All Rights Reserved.
------------------------------------------------------------------------------------
| Tool Version : Vivado v.2020.2 (win64) Build 3064766 Wed Nov 18 09:12:45 MST 2020
| Date         : Mon Apr  8 10:49:42 2024
| Host         : LAPTOP-KMHA882Q running 64-bit major release  (build 9200)
| Command      : upgrade_ip
| Device       : xc7z010clg400-1
------------------------------------------------------------------------------------

Upgrade Log for IP 'design_1_ip_pwm_2020p2_0_0'

1. Summary
----------

SUCCESS in the conversion of design_1_ip_pwm_2020p2_0_0 (user.org:user:ip_pwm_2020p2:1.0 (Rev. 5)) to Vivado generation flows.






Copyright 1986-2020 Xilinx, Inc. All Rights Reserved.
------------------------------------------------------------------------------------
| Tool Version : Vivado v.2020.2 (win64) Build 3064766 Wed Nov 18 09:12:45 MST 2020
| Date         : Mon Apr  8 10:49:42 2024
| Host         : LAPTOP-KMHA882Q running 64-bit major release  (build 9200)
| Command      : upgrade_ip
| Device       : xc7z010clg400-1
------------------------------------------------------------------------------------

Upgrade Log for IP 'design_1_ip_imu_2020p2_0_1'

1. Summary
----------

SUCCESS in the conversion of design_1_ip_imu_2020p2_0_1 (xilinx.com:user:ip_imu_2020p2:1.0 (Rev. 2)) to Vivado generation flows.

