10:12:07 **** Build of project rdl1_platform ****
buildplatform.bat 59174 rdl1_platform  
XSDB Server Channel: tcfchan#1
WARNING : No interface that uses file system is available 

WARNING : No interface that uses file system is available 

Cleaning the zynq_fsbl application.
rm -rf  sd.o  nand.o  image_mover.o  md5.o  fsbl_hooks.o  main.o  nor.o  qspi.o  rsa.o  ps7_init.o  pcap.o  fsbl_handoff.o zynq
_fsbl_bsp/ps7_cortexa9_0/lib/libxil.a fsbl.elf *.o

Building the zynq_fsbl application.
make: Entering directory 'C:/Users/14086/Documents/topper/projs/git/github/rdl1/sw/rdl1_platform/zynq_fsbl/zynq_fsbl_bsp'

make --no-print-directory seq_libs

"Running Make include in ps7_cortexa9_0/libsrc/coresightps_dcc_v1_8/src"

make -C ps7_cortexa9_0/libsrc/coresightps_dcc_v1_8/src -s include  "SHELL=CMD" "COMPILER=arm-none-eabi-gcc" "ASSEMBLER=arm-none
-eabi-as" "ARCHIVER=arm-none-eabi-ar" "COMPILER_FLAGS=  -O2 -c" "EXTRA_COMPILER_FLAGS=-mcpu=cortex-a9 -mfpu=vfpv3 -mfloat-abi=h
ard -nostartfiles -g -Wall -Wextra"

"Running Make include in ps7_cortexa9_0/libsrc/cpu_cortexa9_v2_10/src"

make -C ps7_cortexa9_0/libsrc/cpu_cortexa9_v2_10/src -s include  "SHELL=CMD" "COMPILER=arm-none-eabi-gcc" "ASSEMBLER=arm-none-e
abi-as" "ARCHIVER=arm-none-eabi-ar" "COMPILER_FLAGS=  -O2 -c" "EXTRA_COMPILER_FLAGS=-mcpu=cortex-a9 -mfpu=vfpv3 -mfloat-abi=har
d -nostartfiles -g -Wall -Wextra"

"Running Make include in ps7_cortexa9_0/libsrc/ddrps_v1_2/src"

make -C ps7_cortexa9_0/libsrc/ddrps_v1_2/src -s include  "SHELL=CMD" "COMPILER=arm-none-eabi-gcc" "ASSEMBLER=arm-none-eabi-as" 
"ARCHIVER=arm-none-eabi-ar" "COMPILER_FLAGS=  -O2 -c" "EXTRA_COMPILER_FLAGS=-mcpu=cortex-a9 -mfpu=vfpv3 -mfloat-abi=hard -nosta
rtfiles -g -Wall -Wextra"

"Running Make include in ps7_cortexa9_0/libsrc/devcfg_v3_7/src"

make -C ps7_cortexa9_0/libsrc/devcfg_v3_7/src -s include  "SHELL=CMD" "COMPILER=arm-none-eabi-gcc" "ASSEMBLER=arm-none-eabi-as"
 "ARCHIVER=arm-none-eabi-ar" "COMPILER_FLAGS=  -O2 -c" "EXTRA_COMPILER_FLAGS=-mcpu=cortex-a9 -mfpu=vfpv3 -mfloat-abi=hard -nost
artfiles -g -Wall -Wextra"

"Running Make include in ps7_cortexa9_0/libsrc/dmaps_v2_7/src"

make -C ps7_cortexa9_0/libsrc/dmaps_v2_7/src -s include  "SHELL=CMD" "COMPILER=arm-none-eabi-gcc" "ASSEMBLER=arm-none-eabi-as" 
"ARCHIVER=arm-none-eabi-ar" "COMPILER_FLAGS=  -O2 -c" "EXTRA_COMPILER_FLAGS=-mcpu=cortex-a9 -mfpu=vfpv3 -mfloat-abi=hard -nosta
rtfiles -g -Wall -Wextra"

"Running Make include in ps7_cortexa9_0/libsrc/ip_imu_2020p2_v1_0/src"

make -C ps7_cortexa9_0/libsrc/ip_imu_2020p2_v1_0/src -s include  "SHELL=CMD" "COMPILER=arm-none-eabi-gcc" "ASSEMBLER=arm-none-e
abi-as" "ARCHIVER=arm-none-eabi-ar" "COMPILER_FLAGS=  -O2 -c" "EXTRA_COMPILER_FLAGS=-mcpu=cortex-a9 -mfpu=vfpv3 -mfloat-abi=har
d -nostartfiles -g -Wall -Wextra"

"Running Make include in ps7_cortexa9_0/libsrc/ip_pwmr_v1_0/src"

make -C ps7_cortexa9_0/libsrc/ip_pwmr_v1_0/src -s include  "SHELL=CMD" "COMPILER=arm-none-eabi-gcc" "ASSEMBLER=arm-none-eabi-as
" "ARCHIVER=arm-none-eabi-ar" "COMPILER_FLAGS=  -O2 -c" "EXTRA_COMPILER_FLAGS=-mcpu=cortex-a9 -mfpu=vfpv3 -mfloat-abi=hard -nos
tartfiles -g -Wall -Wextra"

"Running Make include in ps7_cortexa9_0/libsrc/ip_pwm_2020p2_v1_0/src"

make -C ps7_cortexa9_0/libsrc/ip_pwm_2020p2_v1_0/src -s include  "SHELL=CMD" "COMPILER=arm-none-eabi-gcc" "ASSEMBLER=arm-none-e
abi-as" "ARCHIVER=arm-none-eabi-ar" "COMPILER_FLAGS=  -O2 -c" "EXTRA_COMPILER_FLAGS=-mcpu=cortex-a9 -mfpu=vfpv3 -mfloat-abi=har
d -nostartfiles -g -Wall -Wextra"

"Running Make include in ps7_cortexa9_0/libsrc/scugic_v4_3/src"

make -C ps7_cortexa9_0/libsrc/scugic_v4_3/src -s include  "SHELL=CMD" "COMPILER=arm-none-eabi-gcc" "ASSEMBLER=arm-none-eabi-as"
 "ARCHIVER=arm-none-eabi-ar" "COMPILER_FLAGS=  -O2 -c" "EXTRA_COMPILER_FLAGS=-mcpu=cortex-a9 -mfpu=vfpv3 -mfloat-abi=hard -nost
artfiles -g -Wall -Wextra"

"Running Make include in ps7_cortexa9_0/libsrc/scutimer_v2_3/src"

make -C ps7_cortexa9_0/libsrc/scutimer_v2_3/src -s include  "SHELL=CMD" "COMPILER=arm-none-eabi-gcc" "ASSEMBLER=arm-none-eabi-a
s" "ARCHIVER=arm-none-eabi-ar" "COMPILER_FLAGS=  -O2 -c" "EXTRA_COMPILER_FLAGS=-mcpu=cortex-a9 -mfpu=vfpv3 -mfloat-abi=hard -no
startfiles -g -Wall -Wextra"

"Running Make include in ps7_cortexa9_0/libsrc/scuwdt_v2_3/src"

make -C ps7_cortexa9_0/libsrc/scuwdt_v2_3/src -s include  "SHELL=CMD" "COMPILER=arm-none-eabi-gcc" "ASSEMBLER=arm-none-eabi-as"
 "ARCHIVER=arm-none-eabi-ar" "COMPILER_FLAGS=  -O2 -c" "EXTRA_COMPILER_FLAGS=-mcpu=cortex-a9 -mfpu=vfpv3 -mfloat-abi=hard -nost
artfiles -g -Wall -Wextra"

"Running Make include in ps7_cortexa9_0/libsrc/standalone_v7_3/src"

make -C ps7_cortexa9_0/libsrc/standalone_v7_3/src -s include  "SHELL=CMD" "COMPILER=arm-none-eabi-gcc" "ASSEMBLER=arm-none-eabi
-as" "ARCHIVER=arm-none-eabi-ar" "COMPILER_FLAGS=  -O2 -c" "EXTRA_COMPILER_FLAGS=-mcpu=cortex-a9 -mfpu=vfpv3 -mfloat-abi=hard -
nostartfiles -g -Wall -Wextra"

"Running Make include in ps7_cortexa9_0/libsrc/uartps_v3_10/src"

make -C ps7_cortexa9_0/libsrc/uartps_v3_10/src -s include  "SHELL=CMD" "COMPILER=arm-none-eabi-gcc" "ASSEMBLER=arm-none-eabi-as
" "ARCHIVER=arm-none-eabi-ar" "COMPILER_FLAGS=  -O2 -c" "EXTRA_COMPILER_FLAGS=-mcpu=cortex-a9 -mfpu=vfpv3 -mfloat-abi=hard -nos
tartfiles -g -Wall -Wextra"

"Running Make include in ps7_cortexa9_0/libsrc/xadcps_v2_5/src"

make -C ps7_cortexa9_0/libsrc/xadcps_v2_5/src -s include  "SHELL=CMD" "COMPILER=arm-none-eabi-gcc" "ASSEMBLER=arm-none-eabi-as"
 "ARCHIVER=arm-none-eabi-ar" "COMPILER_FLAGS=  -O2 -c" "EXTRA_COMPILER_FLAGS=-mcpu=cortex-a9 -mfpu=vfpv3 -mfloat-abi=hard -nost
artfiles -g -Wall -Wextra"

"Running Make include in ps7_cortexa9_0/libsrc/xilffs_v4_4/src"

make -C ps7_cortexa9_0/libsrc/xilffs_v4_4/src -s include  "SHELL=CMD" "COMPILER=arm-none-eabi-gcc" "ASSEMBLER=arm-none-eabi-as"
 "ARCHIVER=arm-none-eabi-ar" "COMPILER_FLAGS=  -O2 -c" "EXTRA_COMPILER_FLAGS=-mcpu=cortex-a9 -mfpu=vfpv3 -mfloat-abi=hard -nost
artfiles -g -Wall -Wextra"

"Running Make include in ps7_cortexa9_0/libsrc/xilrsa_v1_6/src"

make -C ps7_cortexa9_0/libsrc/xilrsa_v1_6/src -s include  "SHELL=CMD" "COMPILER=arm-none-eabi-gcc" "ASSEMBLER=arm-none-eabi-as"
 "ARCHIVER=arm-none-eabi-ar" "COMPILER_FLAGS=  -O2 -c" "EXTRA_COMPILER_FLAGS=-mcpu=cortex-a9 -mfpu=vfpv3 -mfloat-abi=hard -nost
artfiles -g -Wall -Wextra"

"Running Make libs in ps7_cortexa9_0/libsrc/ip_imu_2020p2_v1_0/src"

make -C ps7_cortexa9_0/libsrc/ip_imu_2020p2_v1_0/src -s libs  "SHELL=CMD" "COMPILER=arm-none-eabi-gcc" "ASSEMBLER=arm-none-eabi
-as" "ARCHIVER=arm-none-eabi-ar" "COMPILER_FLAGS=  -O2 -c" "EXTRA_COMPILER_FLAGS=-mcpu=cortex-a9 -mfpu=vfpv3 -mfloat-abi=hard -
nostartfiles -g -Wall -Wextra"

"Compiling ip_imu_2020p2..."

ip_imu_2020p2_selftest.c: In function 'IP_IMU_2020P2_Reg_SelfTest':
ip_imu_2020p2_selftest.c:52:62: warning: comparison of integer expressions of different signedness: 'u32' {aka 'long unsigned int'} and 'int' [-Wsign-compare]
   52 |    if ( IP_IMU_2020P2_mReadReg (baseaddr, read_loop_index*4) != (read_loop_index+1)*READ_WRITE_MUL_FACTOR){
      |                                                              ^~
ip_imu_2020p2_selftest.c:36:6: warning: unused variable 'Index' [-Wunused-variable]
   36 |  int Index;
      |      ^~~~~
arm-none-eabi-ar: creating ../../../lib/libxil.a
arm-none-eabi-ar: *.o: Invalid argument
make[2]: *** [Makefile:19: libs] Error 1
make[1]: *** [Makefile:46: ps7_cortexa9_0/libsrc/ip_imu_2020p2_v1_0/src/make.libs] Error 2
make: *** [Makefile:18: all] Error 2
make: Leaving directory 'C:/Users/14086/Documents/topper/projs/git/github/rdl1/sw/rdl1_platform/zynq_fsbl/zynq_fsbl_bsp'

arm-none-eabi-gcc -MMD -MP       -mcpu=cortex-a9 -mfpu=vfpv3 -mfloat-abi=hard   -O2 -c -c sd.c -o sd.o -Izynq_fsbl_bsp/ps7_cort
exa9_0/include -I.

arm-none-eabi-gcc -MMD -MP       -mcpu=cortex-a9 -mfpu=vfpv3 -mfloat-abi=hard   -O2 -c -c nand.c -o nand.o -Izynq_fsbl_bsp/ps7_
cortexa9_0/include -I.

arm-none-eabi-gcc -MMD -MP       -mcpu=cortex-a9 -mfpu=vfpv3 -mfloat-abi=hard   -O2 -c -c image_mover.c -o image_mover.o -Izynq
_fsbl_bsp/ps7_cortexa9_0/include -I.

arm-none-eabi-gcc -MMD -MP       -mcpu=cortex-a9 -mfpu=vfpv3 -mfloat-abi=hard   -O2 -c -c md5.c -o md5.o -Izynq_fsbl_bsp/ps7_co
rtexa9_0/include -I.

arm-none-eabi-gcc -MMD -MP       -mcpu=cortex-a9 -mfpu=vfpv3 -mfloat-abi=hard   -O2 -c -c fsbl_hooks.c -o fsbl_hooks.o -Izynq_f
sbl_bsp/ps7_cortexa9_0/include -I.

arm-none-eabi-gcc -MMD -MP       -mcpu=cortex-a9 -mfpu=vfpv3 -mfloat-abi=hard   -O2 -c -c main.c -o main.o -Izynq_fsbl_bsp/ps7_
cortexa9_0/include -I.

In file included from main.c:115:
zynq_fsbl_bsp/ps7_cortexa9_0/include/xtime_l.h:65:9: note: #pragma message: For the sleep routines, Global timer is being used
   65 | #pragma message ("For the sleep routines, Global timer is being used")
      |         ^~~~~~~
arm-none-eabi-gcc -MMD -MP       -mcpu=cortex-a9 -mfpu=vfpv3 -mfloat-abi=hard   -O2 -c -c rsa.c -o rsa.o -Izynq_fsbl_bsp/ps7_co
rtexa9_0/include -I.

arm-none-eabi-gcc -MMD -MP       -mcpu=cortex-a9 -mfpu=vfpv3 -mfloat-abi=hard   -O2 -c -c nor.c -o nor.o -Izynq_fsbl_bsp/ps7_co
rtexa9_0/include -I.

arm-none-eabi-gcc -MMD -MP       -mcpu=cortex-a9 -mfpu=vfpv3 -mfloat-abi=hard   -O2 -c -c qspi.c -o qspi.o -Izynq_fsbl_bsp/ps7_
cortexa9_0/include -I.

arm-none-eabi-gcc -MMD -MP       -mcpu=cortex-a9 -mfpu=vfpv3 -mfloat-abi=hard   -O2 -c -c ps7_init.c -o ps7_init.o -Izynq_fsbl_
bsp/ps7_cortexa9_0/include -I.

arm-none-eabi-gcc -MMD -MP       -mcpu=cortex-a9 -mfpu=vfpv3 -mfloat-abi=hard   -O2 -c -c pcap.c -o pcap.o -Izynq_fsbl_bsp/ps7_
cortexa9_0/include -I.

In file included from pcap.c:78:
zynq_fsbl_bsp/ps7_cortexa9_0/include/xtime_l.h:65:9: note: #pragma message: For the sleep routines, Global timer is being used
   65 | #pragma message ("For the sleep routines, Global timer is being used")
      |         ^~~~~~~
arm-none-eabi-gcc -MMD -MP       -mcpu=cortex-a9 -mfpu=vfpv3 -mfloat-abi=hard   -O2 -c -c fsbl_handoff.S -o fsbl_handoff.o -Izy
nq_fsbl_bsp/ps7_cortexa9_0/include -I.

arm-none-eabi-gcc -o fsbl.elf  sd.o  nand.o  image_mover.o  md5.o  fsbl_hooks.o  main.o  rsa.o  nor.o  qspi.o  ps7_init.o  pcap
.o  fsbl_handoff.o -MMD -MP       -mcpu=cortex-a9 -mfpu=vfpv3 -mfloat-abi=hard   -mcpu=cortex-a9 -mfpu=vfpv3 -mfloat-abi=hard -
Wl,-build-id=none -specs=Xilinx.spec  -lrsa -Wl,--start-group,-lxil,-lgcc,-lc,--end-group -Wl,--start-group,-lxilffs,-lxil,-lgc
c,-lc,--end-group -Wl,--start-group,-lrsa,-lxil,-lgcc,-lc,--end-group                                       -Wl,--gc-sections -
Lzynq_fsbl_bsp/ps7_cortexa9_0/lib -L./ -Tlscript.ld

c:/xilinx/vitis/2020.2/gnu/aarch32/nt/gcc-arm-none-eabi/x86_64-oesdk-mingw32/usr/bin/arm-xilinx-eabi/../../libexec/arm-xilinx-eabi/gcc/arm-xilinx-eabi/9.2.0/real-ld.exe: cannot find -lrsa
collect2.exe: error: ld returned 1 exit status
make: *** [Makefile:27: fsbl.elf] Error 1
Building the BSP Library for domain  - standalone_domain on processor ps7_cortexa9_0
make --no-print-directory seq_libs

"Running Make include in ps7_cortexa9_0/libsrc/coresightps_dcc_v1_8/src"

make -C ps7_cortexa9_0/libsrc/coresightps_dcc_v1_8/src -s include  "SHELL=CMD" "COMPILER=arm-none-eabi-gcc" "ASSEMBLER=arm-none
-eabi-as" "ARCHIVER=arm-none-eabi-ar" "COMPILER_FLAGS=  -O2 -c" "EXTRA_COMPILER_FLAGS=-mcpu=cortex-a9 -mfpu=vfpv3 -mfloat-abi=h
ard -nostartfiles -g -Wall -Wextra"

"Running Make include in ps7_cortexa9_0/libsrc/cpu_cortexa9_v2_10/src"

make -C ps7_cortexa9_0/libsrc/cpu_cortexa9_v2_10/src -s include  "SHELL=CMD" "COMPILER=arm-none-eabi-gcc" "ASSEMBLER=arm-none-e
abi-as" "ARCHIVER=arm-none-eabi-ar" "COMPILER_FLAGS=  -O2 -c" "EXTRA_COMPILER_FLAGS=-mcpu=cortex-a9 -mfpu=vfpv3 -mfloat-abi=har
d -nostartfiles -g -Wall -Wextra"

"Running Make include in ps7_cortexa9_0/libsrc/ddrps_v1_2/src"

make -C ps7_cortexa9_0/libsrc/ddrps_v1_2/src -s include  "SHELL=CMD" "COMPILER=arm-none-eabi-gcc" "ASSEMBLER=arm-none-eabi-as" 
"ARCHIVER=arm-none-eabi-ar" "COMPILER_FLAGS=  -O2 -c" "EXTRA_COMPILER_FLAGS=-mcpu=cortex-a9 -mfpu=vfpv3 -mfloat-abi=hard -nosta
rtfiles -g -Wall -Wextra"

"Running Make include in ps7_cortexa9_0/libsrc/devcfg_v3_7/src"

make -C ps7_cortexa9_0/libsrc/devcfg_v3_7/src -s include  "SHELL=CMD" "COMPILER=arm-none-eabi-gcc" "ASSEMBLER=arm-none-eabi-as"
 "ARCHIVER=arm-none-eabi-ar" "COMPILER_FLAGS=  -O2 -c" "EXTRA_COMPILER_FLAGS=-mcpu=cortex-a9 -mfpu=vfpv3 -mfloat-abi=hard -nost
artfiles -g -Wall -Wextra"

"Running Make include in ps7_cortexa9_0/libsrc/dmaps_v2_7/src"

make -C ps7_cortexa9_0/libsrc/dmaps_v2_7/src -s include  "SHELL=CMD" "COMPILER=arm-none-eabi-gcc" "ASSEMBLER=arm-none-eabi-as" 
"ARCHIVER=arm-none-eabi-ar" "COMPILER_FLAGS=  -O2 -c" "EXTRA_COMPILER_FLAGS=-mcpu=cortex-a9 -mfpu=vfpv3 -mfloat-abi=hard -nosta
rtfiles -g -Wall -Wextra"

"Running Make include in ps7_cortexa9_0/libsrc/ip_imu_2020p2_v1_0/src"

make -C ps7_cortexa9_0/libsrc/ip_imu_2020p2_v1_0/src -s include  "SHELL=CMD" "COMPILER=arm-none-eabi-gcc" "ASSEMBLER=arm-none-e
abi-as" "ARCHIVER=arm-none-eabi-ar" "COMPILER_FLAGS=  -O2 -c" "EXTRA_COMPILER_FLAGS=-mcpu=cortex-a9 -mfpu=vfpv3 -mfloat-abi=har
d -nostartfiles -g -Wall -Wextra"

"Running Make include in ps7_cortexa9_0/libsrc/ip_pwmr_v1_0/src"

make -C ps7_cortexa9_0/libsrc/ip_pwmr_v1_0/src -s include  "SHELL=CMD" "COMPILER=arm-none-eabi-gcc" "ASSEMBLER=arm-none-eabi-as
" "ARCHIVER=arm-none-eabi-ar" "COMPILER_FLAGS=  -O2 -c" "EXTRA_COMPILER_FLAGS=-mcpu=cortex-a9 -mfpu=vfpv3 -mfloat-abi=hard -nos
tartfiles -g -Wall -Wextra"

"Running Make include in ps7_cortexa9_0/libsrc/ip_pwm_2020p2_v1_0/src"

make -C ps7_cortexa9_0/libsrc/ip_pwm_2020p2_v1_0/src -s include  "SHELL=CMD" "COMPILER=arm-none-eabi-gcc" "ASSEMBLER=arm-none-e
abi-as" "ARCHIVER=arm-none-eabi-ar" "COMPILER_FLAGS=  -O2 -c" "EXTRA_COMPILER_FLAGS=-mcpu=cortex-a9 -mfpu=vfpv3 -mfloat-abi=har
d -nostartfiles -g -Wall -Wextra"

"Running Make include in ps7_cortexa9_0/libsrc/scugic_v4_3/src"

make -C ps7_cortexa9_0/libsrc/scugic_v4_3/src -s include  "SHELL=CMD" "COMPILER=arm-none-eabi-gcc" "ASSEMBLER=arm-none-eabi-as"
 "ARCHIVER=arm-none-eabi-ar" "COMPILER_FLAGS=  -O2 -c" "EXTRA_COMPILER_FLAGS=-mcpu=cortex-a9 -mfpu=vfpv3 -mfloat-abi=hard -nost
artfiles -g -Wall -Wextra"

"Running Make include in ps7_cortexa9_0/libsrc/scutimer_v2_3/src"

make -C ps7_cortexa9_0/libsrc/scutimer_v2_3/src -s include  "SHELL=CMD" "COMPILER=arm-none-eabi-gcc" "ASSEMBLER=arm-none-eabi-a
s" "ARCHIVER=arm-none-eabi-ar" "COMPILER_FLAGS=  -O2 -c" "EXTRA_COMPILER_FLAGS=-mcpu=cortex-a9 -mfpu=vfpv3 -mfloat-abi=hard -no
startfiles -g -Wall -Wextra"

"Running Make include in ps7_cortexa9_0/libsrc/scuwdt_v2_3/src"

make -C ps7_cortexa9_0/libsrc/scuwdt_v2_3/src -s include  "SHELL=CMD" "COMPILER=arm-none-eabi-gcc" "ASSEMBLER=arm-none-eabi-as"
 "ARCHIVER=arm-none-eabi-ar" "COMPILER_FLAGS=  -O2 -c" "EXTRA_COMPILER_FLAGS=-mcpu=cortex-a9 -mfpu=vfpv3 -mfloat-abi=hard -nost
artfiles -g -Wall -Wextra"

"Running Make include in ps7_cortexa9_0/libsrc/standalone_v7_3/src"

make -C ps7_cortexa9_0/libsrc/standalone_v7_3/src -s include  "SHELL=CMD" "COMPILER=arm-none-eabi-gcc" "ASSEMBLER=arm-none-eabi
-as" "ARCHIVER=arm-none-eabi-ar" "COMPILER_FLAGS=  -O2 -c" "EXTRA_COMPILER_FLAGS=-mcpu=cortex-a9 -mfpu=vfpv3 -mfloat-abi=hard -
nostartfiles -g -Wall -Wextra"

"Running Make include in ps7_cortexa9_0/libsrc/uartps_v3_10/src"

make -C ps7_cortexa9_0/libsrc/uartps_v3_10/src -s include  "SHELL=CMD" "COMPILER=arm-none-eabi-gcc" "ASSEMBLER=arm-none-eabi-as
" "ARCHIVER=arm-none-eabi-ar" "COMPILER_FLAGS=  -O2 -c" "EXTRA_COMPILER_FLAGS=-mcpu=cortex-a9 -mfpu=vfpv3 -mfloat-abi=hard -nos
tartfiles -g -Wall -Wextra"

"Running Make include in ps7_cortexa9_0/libsrc/xadcps_v2_5/src"

make -C ps7_cortexa9_0/libsrc/xadcps_v2_5/src -s include  "SHELL=CMD" "COMPILER=arm-none-eabi-gcc" "ASSEMBLER=arm-none-eabi-as"
 "ARCHIVER=arm-none-eabi-ar" "COMPILER_FLAGS=  -O2 -c" "EXTRA_COMPILER_FLAGS=-mcpu=cortex-a9 -mfpu=vfpv3 -mfloat-abi=hard -nost
artfiles -g -Wall -Wextra"

"Running Make libs in ps7_cortexa9_0/libsrc/ip_imu_2020p2_v1_0/src"

make -C ps7_cortexa9_0/libsrc/ip_imu_2020p2_v1_0/src -s libs  "SHELL=CMD" "COMPILER=arm-none-eabi-gcc" "ASSEMBLER=arm-none-eabi
-as" "ARCHIVER=arm-none-eabi-ar" "COMPILER_FLAGS=  -O2 -c" "EXTRA_COMPILER_FLAGS=-mcpu=cortex-a9 -mfpu=vfpv3 -mfloat-abi=hard -
nostartfiles -g -Wall -Wextra"

"Compiling ip_imu_2020p2..."

ip_imu_2020p2_selftest.c: In function 'IP_IMU_2020P2_Reg_SelfTest':
ip_imu_2020p2_selftest.c:52:62: warning: comparison of integer expressions of different signedness: 'u32' {aka 'long unsigned int'} and 'int' [-Wsign-compare]
   52 |    if ( IP_IMU_2020P2_mReadReg (baseaddr, read_loop_index*4) != (read_loop_index+1)*READ_WRITE_MUL_FACTOR){
      |                                                              ^~
ip_imu_2020p2_selftest.c:36:6: warning: unused variable 'Index' [-Wunused-variable]
   36 |  int Index;
      |      ^~~~~
arm-none-eabi-ar: creating ../../../lib/libxil.a
arm-none-eabi-ar: *.o: Invalid argument
make[2]: *** [Makefile:19: libs] Error 1
make[1]: *** [Makefile:46: ps7_cortexa9_0/libsrc/ip_imu_2020p2_v1_0/src/make.libs] Error 2
make: *** [Makefile:18: all] Error 2
Failed to build  the bsp sources for domain - standalone_domain
Failed to generate the platform.
Reason: Failed to build the  zynq_fsbl application.
    invoked from within
"::tcf::eval -progress {apply {{msg} {puts $msg}}} {tcf_send_command tcfchan#0 xsdb eval s es {{platform active rdl1_platform; platform generate }}}"
    (procedure "::tcf::send_command" line 4)
    invoked from within
"tcf send_command $::xsdb::curchan xsdb eval s es [list "platform active $PLATFORM_NAME; platform generate $target"]"
    invoked from within
"if { $iswindows == 1 } {    

    set XSDB_PORT [lindex $argv 0]
    set PLATFORM_NAME [lindex $argv 1]
    set arglen [llength $argv]
    set lastind..."
    (file "C:/Xilinx/Vitis/2020.2\scripts\vitis\util\buildplatform.tcl" line 11)

10:12:31 Build Finished (took 23s.533ms)

